<?xml version="1.0" encoding="UTF-8"?>
<!-- Generated by org.testng.reporters.JUnitReportReporter -->
<testsuite hostname="LAPTOP-KB6UDKRL" failures="0" tests="1" name="com.rmgyantraapi.projecttest.rmg_api_02_AddProjectWithOnGoingStatusTest" time="2.118" errors="0" timestamp="2021-11-12T16:31:22 IST" skipped="0">
  <testcase classname="com.rmgyantraapi.projecttest.rmg_api_02_AddProjectWithOnGoingStatusTest" name="addProjectWithCompletedStatusTest" time="2.118"/>
  <system-out/>
</testsuite> <!-- com.rmgyantraapi.projecttest.rmg_api_02_AddProjectWithOnGoingStatusTest -->
