<?xml version="1.0" encoding="UTF-8"?>
<!-- Generated by org.testng.reporters.JUnitReportReporter -->
<testsuite hostname="LAPTOP-KB6UDKRL" failures="0" tests="1" name="com.rmgyantraapi.projecttest.rmg_api_01_AddProjectWithCreatedStatusTest" time="2.184" errors="0" timestamp="2021-11-12T16:31:33 IST" skipped="0">
  <testcase classname="com.rmgyantraapi.projecttest.rmg_api_01_AddProjectWithCreatedStatusTest" name="addProjectWithCompletedStatusTest" time="2.184"/>
  <system-out/>
</testsuite> <!-- com.rmgyantraapi.projecttest.rmg_api_01_AddProjectWithCreatedStatusTest -->
